<?xml version="1.0" encoding="UTF-8"?>
<testsuite name="tests.Login" tests="1" skipped="0" failures="0" errors="0" timestamp="2023-03-27T12:44:26" hostname="LAPTOP-AKMCIEGD" time="22.341">
  <properties/>
  <testcase name="login" classname="tests.Login" time="22.341"/>
  <system-out><![CDATA[]]></system-out>
  <system-err><![CDATA[]]></system-err>
</testsuite>
